{
  "stats": {
    "suites": 1,
    "tests": 11,
    "passes": 8,
    "pending": 3,
    "failures": 0,
    "start": "2021-08-26T10:36:18.203Z",
    "end": "2021-08-26T10:37:17.686Z",
    "duration": 59483,
    "testsRegistered": 11,
    "passPercent": 100,
    "pendingPercent": 27.27272727272727,
    "other": 0,
    "hasOther": false,
    "skipped": 0,
    "hasSkipped": false
  },
  "results": [
    {
      "uuid": "a0e3f7f5-476b-486a-9973-bbe083229796",
      "title": "",
      "fullFile": "cypress\\integration\\26-register_registration\\creator-navigates-to-contributor-tab.feature",
      "file": "cypress\\integration\\26-register_registration\\creator-navigates-to-contributor-tab.feature",
      "beforeHooks": [],
      "afterHooks": [],
      "tests": [],
      "suites": [
        {
          "uuid": "1bf002c2-64c0-45d0-8058-e6c860b4badf",
          "title": "Creator navigates to Contributors tab",
          "fullFile": "",
          "file": "",
          "beforeHooks": [],
          "afterHooks": [],
          "tests": [
            {
              "title": "Creator navigates to Contributors tab",
              "fullTitle": "Creator navigates to Contributors tab Creator navigates to Contributors tab",
              "timedOut": null,
              "duration": 6897,
              "state": "passed",
              "speed": "slow",
              "pass": true,
              "fail": false,
              "pending": false,
              "context": null,
              "code": "const state = window.testState;\nreturn cy\n  .then(() => state.onStartScenario(scenario, indexedSteps))\n  .then(() =>\n    resolveAndRunBeforeHooks.call(this, scenario.tags, state.feature.name)\n  )\n  .then(() =>\n    indexedSteps.forEach(step =>\n      stepTest.call(this, state, step, rowData)\n    )\n  )\n  .then(() =>\n    resolveAndRunAfterHooks.call(this, scenario.tags, state.feature.name)\n  )\n  .then(() => state.onFinishScenario(scenario));",
              "err": {},
              "uuid": "a3e3795b-a9b7-40b5-b29d-f50ff8d6b24d",
              "parentUUID": "1bf002c2-64c0-45d0-8058-e6c860b4badf",
              "isHook": false,
              "skipped": false
            },
            {
              "title": "Creator adds themselves to the list of Authors",
              "fullTitle": "Creator navigates to Contributors tab Creator adds themselves to the list of Authors",
              "timedOut": null,
              "duration": 4645,
              "state": "passed",
              "speed": "slow",
              "pass": true,
              "fail": false,
              "pending": false,
              "context": null,
              "code": "const state = window.testState;\nreturn cy\n  .then(() => state.onStartScenario(scenario, indexedSteps))\n  .then(() =>\n    resolveAndRunBeforeHooks.call(this, scenario.tags, state.feature.name)\n  )\n  .then(() =>\n    indexedSteps.forEach(step =>\n      stepTest.call(this, state, step, rowData)\n    )\n  )\n  .then(() =>\n    resolveAndRunAfterHooks.call(this, scenario.tags, state.feature.name)\n  )\n  .then(() => state.onFinishScenario(scenario));",
              "err": {},
              "uuid": "9b9d0f3f-e037-455b-8935-3ca8378c41f0",
              "parentUUID": "1bf002c2-64c0-45d0-8058-e6c860b4badf",
              "isHook": false,
              "skipped": false
            },
            {
              "title": "Creator adds an Author to the list of Authors",
              "fullTitle": "Creator navigates to Contributors tab Creator adds an Author to the list of Authors",
              "timedOut": null,
              "duration": 6173,
              "state": "passed",
              "speed": "slow",
              "pass": true,
              "fail": false,
              "pending": false,
              "context": null,
              "code": "const state = window.testState;\nreturn cy\n  .then(() => state.onStartScenario(scenario, indexedSteps))\n  .then(() =>\n    resolveAndRunBeforeHooks.call(this, scenario.tags, state.feature.name)\n  )\n  .then(() =>\n    indexedSteps.forEach(step =>\n      stepTest.call(this, state, step, rowData)\n    )\n  )\n  .then(() =>\n    resolveAndRunAfterHooks.call(this, scenario.tags, state.feature.name)\n  )\n  .then(() => state.onFinishScenario(scenario));",
              "err": {},
              "uuid": "17400faf-5169-4f17-ae07-89277d2eda11",
              "parentUUID": "1bf002c2-64c0-45d0-8058-e6c860b4badf",
              "isHook": false,
              "skipped": false
            },
            {
              "title": "Creator adds an Author to the list of Authors for Resource Type Book, Monograph",
              "fullTitle": "Creator navigates to Contributors tab Creator adds an Author to the list of Authors for Resource Type Book, Monograph",
              "timedOut": null,
              "duration": 9657,
              "state": "passed",
              "speed": "slow",
              "pass": true,
              "fail": false,
              "pending": false,
              "context": null,
              "code": "const state = window.testState;\nreturn cy\n  .then(() => state.onStartScenario(scenario, indexedSteps))\n  .then(() =>\n    resolveAndRunBeforeHooks.call(this, scenario.tags, state.feature.name)\n  )\n  .then(() =>\n    indexedSteps.forEach(step =>\n      stepTest.call(this, state, step, rowData)\n    )\n  )\n  .then(() =>\n    resolveAndRunAfterHooks.call(this, scenario.tags, state.feature.name)\n  )\n  .then(() => state.onFinishScenario(scenario));",
              "err": {},
              "uuid": "83ba13e5-58b0-43af-8419-32e036d673b3",
              "parentUUID": "1bf002c2-64c0-45d0-8058-e6c860b4badf",
              "isHook": false,
              "skipped": false
            },
            {
              "title": "Creator adds an Author to the list of Authors for Resource Type Chapter",
              "fullTitle": "Creator navigates to Contributors tab Creator adds an Author to the list of Authors for Resource Type Chapter",
              "timedOut": null,
              "duration": 8165,
              "state": "passed",
              "speed": "slow",
              "pass": true,
              "fail": false,
              "pending": false,
              "context": null,
              "code": "const state = window.testState;\nreturn cy\n  .then(() => state.onStartScenario(scenario, indexedSteps))\n  .then(() =>\n    resolveAndRunBeforeHooks.call(this, scenario.tags, state.feature.name)\n  )\n  .then(() =>\n    indexedSteps.forEach(step =>\n      stepTest.call(this, state, step, rowData)\n    )\n  )\n  .then(() =>\n    resolveAndRunAfterHooks.call(this, scenario.tags, state.feature.name)\n  )\n  .then(() => state.onFinishScenario(scenario));",
              "err": {},
              "uuid": "ae99845c-337d-4ca7-85a5-336a7439ff49",
              "parentUUID": "1bf002c2-64c0-45d0-8058-e6c860b4badf",
              "isHook": false,
              "skipped": false
            },
            {
              "title": "Creator adds an Editor to the list of Editors for Resource Type Book, Anthology",
              "fullTitle": "Creator navigates to Contributors tab Creator adds an Editor to the list of Editors for Resource Type Book, Anthology",
              "timedOut": null,
              "duration": 9203,
              "state": "passed",
              "speed": "slow",
              "pass": true,
              "fail": false,
              "pending": false,
              "context": null,
              "code": "const state = window.testState;\nreturn cy\n  .then(() => state.onStartScenario(scenario, indexedSteps))\n  .then(() =>\n    resolveAndRunBeforeHooks.call(this, scenario.tags, state.feature.name)\n  )\n  .then(() =>\n    indexedSteps.forEach(step =>\n      stepTest.call(this, state, step, rowData)\n    )\n  )\n  .then(() =>\n    resolveAndRunAfterHooks.call(this, scenario.tags, state.feature.name)\n  )\n  .then(() => state.onFinishScenario(scenario));",
              "err": {},
              "uuid": "9694340d-9dbd-44e3-9df4-b227d52f17e2",
              "parentUUID": "1bf002c2-64c0-45d0-8058-e6c860b4badf",
              "isHook": false,
              "skipped": false
            },
            {
              "title": "Creator adds a Supervisor to the list of Supervisors for Resource Type Student Thesis",
              "fullTitle": "Creator navigates to Contributors tab Creator adds a Supervisor to the list of Supervisors for Resource Type Student Thesis",
              "timedOut": null,
              "duration": 8373,
              "state": "passed",
              "speed": "slow",
              "pass": true,
              "fail": false,
              "pending": false,
              "context": null,
              "code": "const state = window.testState;\nreturn cy\n  .then(() => state.onStartScenario(scenario, indexedSteps))\n  .then(() =>\n    resolveAndRunBeforeHooks.call(this, scenario.tags, state.feature.name)\n  )\n  .then(() =>\n    indexedSteps.forEach(step =>\n      stepTest.call(this, state, step, rowData)\n    )\n  )\n  .then(() =>\n    resolveAndRunAfterHooks.call(this, scenario.tags, state.feature.name)\n  )\n  .then(() => state.onFinishScenario(scenario));",
              "err": {},
              "uuid": "45b8afee-a518-4f57-9425-33032c36fa17",
              "parentUUID": "1bf002c2-64c0-45d0-8058-e6c860b4badf",
              "isHook": false,
              "skipped": false
            },
            {
              "title": "Creator creates a new Author in the Author dialog",
              "fullTitle": "Creator navigates to Contributors tab Creator creates a new Author in the Author dialog",
              "timedOut": null,
              "duration": 5862,
              "state": "passed",
              "speed": "slow",
              "pass": true,
              "fail": false,
              "pending": false,
              "context": null,
              "code": "const state = window.testState;\nreturn cy\n  .then(() => state.onStartScenario(scenario, indexedSteps))\n  .then(() =>\n    resolveAndRunBeforeHooks.call(this, scenario.tags, state.feature.name)\n  )\n  .then(() =>\n    indexedSteps.forEach(step =>\n      stepTest.call(this, state, step, rowData)\n    )\n  )\n  .then(() =>\n    resolveAndRunAfterHooks.call(this, scenario.tags, state.feature.name)\n  )\n  .then(() => state.onFinishScenario(scenario));",
              "err": {},
              "uuid": "52bf59bc-b236-4f2a-9c4a-e8e20bb36559",
              "parentUUID": "1bf002c2-64c0-45d0-8058-e6c860b4badf",
              "isHook": false,
              "skipped": false
            },
            {
              "title": "Creator sees Button to Verify Contributor",
              "fullTitle": "Creator navigates to Contributors tab Creator sees Button to Verify Contributor",
              "timedOut": null,
              "duration": 19,
              "state": "pending",
              "speed": null,
              "pass": false,
              "fail": false,
              "pending": false,
              "context": null,
              "code": "// register this scenario with the cucumber data collector\n// but don't run it\n// Tell mocha this is a skipped test so it also shows correctly in Cypress\nconst state = window.testState;\ncy.then(() => state.onStartScenario(scenario, indexedSteps))\n  .then(() => state.onFinishScenario(scenario))\n  // eslint-disable-next-line func-names\n  .then(function() {\n    return this.skip();\n  });",
              "err": {
                "message": "CypressError: sync skip; aborting execution",
                "estack": "[object Object]\nFrom Your Spec Code:\n    at Context.eval (https://frontend.dev.nva.aws.unit.no/__cypress/tests?p=cypress\\integration\\26-register_registration\\creator-navigates-to-contributor-tab.feature:12213:10)\nFrom Your Spec Code:\n    at Context.eval (https://frontend.dev.nva.aws.unit.no/__cypress/tests?p=cypress\\integration\\26-register_registration\\creator-navigates-to-contributor-tab.feature:12213:10)",
                "diff": null
              },
              "uuid": "dbd4c5c1-03e3-459f-92b1-e45fe1d1a17e",
              "parentUUID": "1bf002c2-64c0-45d0-8058-e6c860b4badf",
              "isHook": false,
              "skipped": true
            },
            {
              "title": "Creator opens Dialog to Verify Contributor",
              "fullTitle": "Creator navigates to Contributors tab Creator opens Dialog to Verify Contributor",
              "timedOut": null,
              "duration": 12,
              "state": "pending",
              "speed": null,
              "pass": false,
              "fail": false,
              "pending": false,
              "context": null,
              "code": "// register this scenario with the cucumber data collector\n// but don't run it\n// Tell mocha this is a skipped test so it also shows correctly in Cypress\nconst state = window.testState;\ncy.then(() => state.onStartScenario(scenario, indexedSteps))\n  .then(() => state.onFinishScenario(scenario))\n  // eslint-disable-next-line func-names\n  .then(function() {\n    return this.skip();\n  });",
              "err": {
                "message": "CypressError: sync skip; aborting execution",
                "estack": "[object Object]\nFrom Your Spec Code:\n    at Context.eval (https://frontend.dev.nva.aws.unit.no/__cypress/tests?p=cypress\\integration\\26-register_registration\\creator-navigates-to-contributor-tab.feature:12213:10)\nFrom Your Spec Code:\n    at Context.eval (https://frontend.dev.nva.aws.unit.no/__cypress/tests?p=cypress\\integration\\26-register_registration\\creator-navigates-to-contributor-tab.feature:12213:10)",
                "diff": null
              },
              "uuid": "fdc873ad-3d8b-45dc-ad3c-4c32b351b0ed",
              "parentUUID": "1bf002c2-64c0-45d0-8058-e6c860b4badf",
              "isHook": false,
              "skipped": true
            },
            {
              "title": "Creator verifies Contributor",
              "fullTitle": "Creator navigates to Contributors tab Creator verifies Contributor",
              "timedOut": null,
              "duration": 12,
              "state": "pending",
              "speed": null,
              "pass": false,
              "fail": false,
              "pending": false,
              "context": null,
              "code": "// register this scenario with the cucumber data collector\n// but don't run it\n// Tell mocha this is a skipped test so it also shows correctly in Cypress\nconst state = window.testState;\ncy.then(() => state.onStartScenario(scenario, indexedSteps))\n  .then(() => state.onFinishScenario(scenario))\n  // eslint-disable-next-line func-names\n  .then(function() {\n    return this.skip();\n  });",
              "err": {
                "message": "CypressError: sync skip; aborting execution",
                "estack": "[object Object]\nFrom Your Spec Code:\n    at Context.eval (https://frontend.dev.nva.aws.unit.no/__cypress/tests?p=cypress\\integration\\26-register_registration\\creator-navigates-to-contributor-tab.feature:12213:10)\nFrom Your Spec Code:\n    at Context.eval (https://frontend.dev.nva.aws.unit.no/__cypress/tests?p=cypress\\integration\\26-register_registration\\creator-navigates-to-contributor-tab.feature:12213:10)",
                "diff": null
              },
              "uuid": "fe99410e-b6b0-419f-8f17-e29fe270669a",
              "parentUUID": "1bf002c2-64c0-45d0-8058-e6c860b4badf",
              "isHook": false,
              "skipped": true
            }
          ],
          "suites": [],
          "passes": [
            "a3e3795b-a9b7-40b5-b29d-f50ff8d6b24d",
            "9b9d0f3f-e037-455b-8935-3ca8378c41f0",
            "17400faf-5169-4f17-ae07-89277d2eda11",
            "83ba13e5-58b0-43af-8419-32e036d673b3",
            "ae99845c-337d-4ca7-85a5-336a7439ff49",
            "9694340d-9dbd-44e3-9df4-b227d52f17e2",
            "45b8afee-a518-4f57-9425-33032c36fa17",
            "52bf59bc-b236-4f2a-9c4a-e8e20bb36559"
          ],
          "failures": [],
          "pending": [],
          "skipped": [
            "dbd4c5c1-03e3-459f-92b1-e45fe1d1a17e",
            "fdc873ad-3d8b-45dc-ad3c-4c32b351b0ed",
            "fe99410e-b6b0-419f-8f17-e29fe270669a"
          ],
          "duration": 59018,
          "root": false,
          "rootEmpty": false,
          "_timeout": 2000
        }
      ],
      "passes": [],
      "failures": [],
      "pending": [],
      "skipped": [],
      "duration": 0,
      "root": true,
      "rootEmpty": true,
      "_timeout": 2000
    }
  ],
  "meta": {
    "mocha": {
      "version": "7.0.1"
    },
    "mochawesome": {
      "options": {
        "quiet": false,
        "reportFilename": "mochawesome",
        "saveHtml": false,
        "saveJson": true,
        "consoleReporter": "spec",
        "useInlineDiffs": false,
        "code": true
      },
      "version": "6.2.2"
    },
    "marge": {
      "options": {
        "overwrite": false,
        "html": false,
        "json": true
      },
      "version": "5.2.0"
    }
  }
}